<?xml version="1.0" encoding="UTF-8"?>
<!-- Generated by org.testng.reporters.JUnitReportReporter -->
<testsuite hostname="INMUBFLP1515" name="FCA.FCAtest.FCAAutomation" tests="1" failures="0" timestamp="26 Jun 2019 06:43:25 GMT" time="23.359" errors="0">
  <testcase name="FCATest" time="23.359" classname="FCA.FCAtest.FCAAutomation"/>
</testsuite> <!-- FCA.FCAtest.FCAAutomation -->
