<?xml version="1.0" encoding="UTF-8"?>
<!-- Generated by org.testng.reporters.JUnitReportReporter -->
<testsuite hostname="WKMIN3127861" failures="0" tests="1" name="executionEngine.DriverScript" time="9.420" errors="0" timestamp="14 Dec 2020 07:00:47 GMT">
  <testcase classname="executionEngine.DriverScript" name="FCATest" time="9.420"/>
</testsuite> <!-- executionEngine.DriverScript -->
